{"/Users/tjnickerson/Documents/GitHub/TheOpenDictionary/opencc-js/data/dict/HKVariants.ts": {"path":"/Users/tjnickerson/Documents/GitHub/TheOpenDictionary/opencc-js/data/dict/HKVariants.ts","all":false,"statementMap":{"0":{"start":{"line":1,"column":0},"end":{"line":1,"column":497}}},"s":{"0":1},"branchMap":{},"b":{},"fnMap":{},"f":{}}
,"/Users/tjnickerson/Documents/GitHub/TheOpenDictionary/opencc-js/data/dict/HKVariantsRev.ts": {"path":"/Users/tjnickerson/Documents/GitHub/TheOpenDictionary/opencc-js/data/dict/HKVariantsRev.ts","all":false,"statementMap":{"0":{"start":{"line":1,"column":0},"end":{"line":1,"column":505}}},"s":{"0":1},"branchMap":{},"b":{},"fnMap":{},"f":{}}
,"/Users/tjnickerson/Documents/GitHub/TheOpenDictionary/opencc-js/data/dict/HKVariantsRevPhrases.ts": {"path":"/Users/tjnickerson/Documents/GitHub/TheOpenDictionary/opencc-js/data/dict/HKVariantsRevPhrases.ts","all":false,"statementMap":{"0":{"start":{"line":1,"column":0},"end":{"line":1,"column":1745}}},"s":{"0":1},"branchMap":{},"b":{},"fnMap":{},"f":{}}
,"/Users/tjnickerson/Documents/GitHub/TheOpenDictionary/opencc-js/data/dict/JPShinjitaiCharacters.ts": {"path":"/Users/tjnickerson/Documents/GitHub/TheOpenDictionary/opencc-js/data/dict/JPShinjitaiCharacters.ts","all":false,"statementMap":{"0":{"start":{"line":1,"column":0},"end":{"line":1,"column":65}}},"s":{"0":1},"branchMap":{},"b":{},"fnMap":{},"f":{}}
,"/Users/tjnickerson/Documents/GitHub/TheOpenDictionary/opencc-js/data/dict/JPShinjitaiPhrases.ts": {"path":"/Users/tjnickerson/Documents/GitHub/TheOpenDictionary/opencc-js/data/dict/JPShinjitaiPhrases.ts","all":false,"statementMap":{"0":{"start":{"line":1,"column":0},"end":{"line":1,"column":1799}}},"s":{"0":1},"branchMap":{},"b":{},"fnMap":{},"f":{}}
,"/Users/tjnickerson/Documents/GitHub/TheOpenDictionary/opencc-js/data/dict/JPVariants.ts": {"path":"/Users/tjnickerson/Documents/GitHub/TheOpenDictionary/opencc-js/data/dict/JPVariants.ts","all":false,"statementMap":{"0":{"start":{"line":1,"column":0},"end":{"line":1,"column":2969}}},"s":{"0":1},"branchMap":{},"b":{},"fnMap":{},"f":{}}
,"/Users/tjnickerson/Documents/GitHub/TheOpenDictionary/opencc-js/data/dict/JPVariantsRev.ts": {"path":"/Users/tjnickerson/Documents/GitHub/TheOpenDictionary/opencc-js/data/dict/JPVariantsRev.ts","all":false,"statementMap":{"0":{"start":{"line":1,"column":0},"end":{"line":1,"column":2873}}},"s":{"0":1},"branchMap":{},"b":{},"fnMap":{},"f":{}}
,"/Users/tjnickerson/Documents/GitHub/TheOpenDictionary/opencc-js/data/dict/STCharacters.ts": {"path":"/Users/tjnickerson/Documents/GitHub/TheOpenDictionary/opencc-js/data/dict/STCharacters.ts","all":false,"statementMap":{"0":{"start":{"line":1,"column":0},"end":{"line":1,"column":32566}}},"s":{"0":1},"branchMap":{},"b":{},"fnMap":{},"f":{}}
,"/Users/tjnickerson/Documents/GitHub/TheOpenDictionary/opencc-js/data/dict/STPhrases.ts": {"path":"/Users/tjnickerson/Documents/GitHub/TheOpenDictionary/opencc-js/data/dict/STPhrases.ts","all":false,"statementMap":{"0":{"start":{"line":1,"column":0},"end":{"line":1,"column":596928}}},"s":{"0":1},"branchMap":{},"b":{},"fnMap":{},"f":{}}
,"/Users/tjnickerson/Documents/GitHub/TheOpenDictionary/opencc-js/data/dict/TSCharacters.ts": {"path":"/Users/tjnickerson/Documents/GitHub/TheOpenDictionary/opencc-js/data/dict/TSCharacters.ts","all":false,"statementMap":{"0":{"start":{"line":1,"column":0},"end":{"line":1,"column":34331}}},"s":{"0":1},"branchMap":{},"b":{},"fnMap":{},"f":{}}
,"/Users/tjnickerson/Documents/GitHub/TheOpenDictionary/opencc-js/data/dict/TSPhrases.ts": {"path":"/Users/tjnickerson/Documents/GitHub/TheOpenDictionary/opencc-js/data/dict/TSPhrases.ts","all":false,"statementMap":{"0":{"start":{"line":1,"column":0},"end":{"line":1,"column":3214}}},"s":{"0":1},"branchMap":{},"b":{},"fnMap":{},"f":{}}
,"/Users/tjnickerson/Documents/GitHub/TheOpenDictionary/opencc-js/data/dict/TWPhrasesIT.ts": {"path":"/Users/tjnickerson/Documents/GitHub/TheOpenDictionary/opencc-js/data/dict/TWPhrasesIT.ts","all":false,"statementMap":{"0":{"start":{"line":1,"column":0},"end":{"line":1,"column":4581}}},"s":{"0":1},"branchMap":{},"b":{},"fnMap":{},"f":{}}
,"/Users/tjnickerson/Documents/GitHub/TheOpenDictionary/opencc-js/data/dict/TWPhrasesName.ts": {"path":"/Users/tjnickerson/Documents/GitHub/TheOpenDictionary/opencc-js/data/dict/TWPhrasesName.ts","all":false,"statementMap":{"0":{"start":{"line":1,"column":0},"end":{"line":1,"column":1172}}},"s":{"0":1},"branchMap":{},"b":{},"fnMap":{},"f":{}}
,"/Users/tjnickerson/Documents/GitHub/TheOpenDictionary/opencc-js/data/dict/TWPhrasesOther.ts": {"path":"/Users/tjnickerson/Documents/GitHub/TheOpenDictionary/opencc-js/data/dict/TWPhrasesOther.ts","all":false,"statementMap":{"0":{"start":{"line":1,"column":0},"end":{"line":1,"column":427}}},"s":{"0":1},"branchMap":{},"b":{},"fnMap":{},"f":{}}
,"/Users/tjnickerson/Documents/GitHub/TheOpenDictionary/opencc-js/data/dict/TWPhrasesRev.ts": {"path":"/Users/tjnickerson/Documents/GitHub/TheOpenDictionary/opencc-js/data/dict/TWPhrasesRev.ts","all":false,"statementMap":{"0":{"start":{"line":1,"column":0},"end":{"line":1,"column":6168}}},"s":{"0":1},"branchMap":{},"b":{},"fnMap":{},"f":{}}
,"/Users/tjnickerson/Documents/GitHub/TheOpenDictionary/opencc-js/data/dict/TWVariants.ts": {"path":"/Users/tjnickerson/Documents/GitHub/TheOpenDictionary/opencc-js/data/dict/TWVariants.ts","all":false,"statementMap":{"0":{"start":{"line":1,"column":0},"end":{"line":1,"column":329}}},"s":{"0":1},"branchMap":{},"b":{},"fnMap":{},"f":{}}
,"/Users/tjnickerson/Documents/GitHub/TheOpenDictionary/opencc-js/data/dict/TWVariantsRev.ts": {"path":"/Users/tjnickerson/Documents/GitHub/TheOpenDictionary/opencc-js/data/dict/TWVariantsRev.ts","all":false,"statementMap":{"0":{"start":{"line":1,"column":0},"end":{"line":1,"column":297}}},"s":{"0":1},"branchMap":{},"b":{},"fnMap":{},"f":{}}
,"/Users/tjnickerson/Documents/GitHub/TheOpenDictionary/opencc-js/data/dict/TWVariantsRevPhrases.ts": {"path":"/Users/tjnickerson/Documents/GitHub/TheOpenDictionary/opencc-js/data/dict/TWVariantsRevPhrases.ts","all":false,"statementMap":{"0":{"start":{"line":1,"column":0},"end":{"line":1,"column":731}}},"s":{"0":1},"branchMap":{},"b":{},"fnMap":{},"f":{}}
,"/Users/tjnickerson/Documents/GitHub/TheOpenDictionary/opencc-js/data/from/cn.ts": {"path":"/Users/tjnickerson/Documents/GitHub/TheOpenDictionary/opencc-js/data/from/cn.ts","all":false,"statementMap":{"0":{"start":{"line":1,"column":0},"end":{"line":1,"column":51}},"1":{"start":{"line":2,"column":0},"end":{"line":2,"column":45}},"3":{"start":{"line":4,"column":0},"end":{"line":4,"column":41}}},"s":{"0":1,"1":1,"3":1},"branchMap":{},"b":{},"fnMap":{},"f":{}}
,"/Users/tjnickerson/Documents/GitHub/TheOpenDictionary/opencc-js/data/from/hk.ts": {"path":"/Users/tjnickerson/Documents/GitHub/TheOpenDictionary/opencc-js/data/from/hk.ts","all":false,"statementMap":{"0":{"start":{"line":1,"column":0},"end":{"line":1,"column":53}},"1":{"start":{"line":2,"column":0},"end":{"line":2,"column":67}},"3":{"start":{"line":4,"column":0},"end":{"line":4,"column":53}}},"s":{"0":1,"1":1,"3":1},"branchMap":{},"b":{},"fnMap":{},"f":{}}
,"/Users/tjnickerson/Documents/GitHub/TheOpenDictionary/opencc-js/data/from/index.ts": {"path":"/Users/tjnickerson/Documents/GitHub/TheOpenDictionary/opencc-js/data/from/index.ts","all":true,"statementMap":{"0":{"start":{"line":1,"column":0},"end":{"line":1,"column":25}},"1":{"start":{"line":2,"column":0},"end":{"line":2,"column":25}},"2":{"start":{"line":3,"column":0},"end":{"line":3,"column":27}},"3":{"start":{"line":4,"column":0},"end":{"line":4,"column":25}},"4":{"start":{"line":5,"column":0},"end":{"line":5,"column":25}},"5":{"start":{"line":6,"column":0},"end":{"line":6,"column":31}}},"s":{"0":0,"1":0,"2":0,"3":0,"4":0,"5":0},"branchMap":{"0":{"type":"branch","line":1,"loc":{"start":{"line":1,"column":203},"end":{"line":8,"column":38}},"locations":[{"start":{"line":1,"column":203},"end":{"line":8,"column":38}}]}},"b":{"0":[0]},"fnMap":{"0":{"name":"(empty-report)","decl":{"start":{"line":1,"column":203},"end":{"line":8,"column":38}},"loc":{"start":{"line":1,"column":203},"end":{"line":8,"column":38}},"line":1}},"f":{"0":0}}
,"/Users/tjnickerson/Documents/GitHub/TheOpenDictionary/opencc-js/data/from/jp.ts": {"path":"/Users/tjnickerson/Documents/GitHub/TheOpenDictionary/opencc-js/data/from/jp.ts","all":false,"statementMap":{"0":{"start":{"line":1,"column":0},"end":{"line":1,"column":53}},"1":{"start":{"line":2,"column":0},"end":{"line":2,"column":69}},"2":{"start":{"line":3,"column":0},"end":{"line":3,"column":63}},"4":{"start":{"line":5,"column":0},"end":{"line":5,"column":74}}},"s":{"0":1,"1":1,"2":1,"4":1},"branchMap":{},"b":{},"fnMap":{},"f":{}}
,"/Users/tjnickerson/Documents/GitHub/TheOpenDictionary/opencc-js/data/from/tw.ts": {"path":"/Users/tjnickerson/Documents/GitHub/TheOpenDictionary/opencc-js/data/from/tw.ts","all":false,"statementMap":{"0":{"start":{"line":1,"column":0},"end":{"line":1,"column":53}},"1":{"start":{"line":2,"column":0},"end":{"line":2,"column":67}},"3":{"start":{"line":4,"column":0},"end":{"line":4,"column":53}}},"s":{"0":1,"1":1,"3":1},"branchMap":{},"b":{},"fnMap":{},"f":{}}
,"/Users/tjnickerson/Documents/GitHub/TheOpenDictionary/opencc-js/data/from/twp.ts": {"path":"/Users/tjnickerson/Documents/GitHub/TheOpenDictionary/opencc-js/data/from/twp.ts","all":false,"statementMap":{"0":{"start":{"line":1,"column":0},"end":{"line":1,"column":53}},"1":{"start":{"line":2,"column":0},"end":{"line":2,"column":67}},"2":{"start":{"line":3,"column":0},"end":{"line":3,"column":51}},"4":{"start":{"line":5,"column":0},"end":{"line":5,"column":67}}},"s":{"0":1,"1":1,"2":1,"4":1},"branchMap":{},"b":{},"fnMap":{},"f":{}}
,"/Users/tjnickerson/Documents/GitHub/TheOpenDictionary/opencc-js/data/preset/cn2t.ts": {"path":"/Users/tjnickerson/Documents/GitHub/TheOpenDictionary/opencc-js/data/preset/cn2t.ts","all":false,"statementMap":{"0":{"start":{"line":1,"column":0},"end":{"line":1,"column":36}},"1":{"start":{"line":2,"column":0},"end":{"line":2,"column":32}},"2":{"start":{"line":3,"column":0},"end":{"line":3,"column":32}},"3":{"start":{"line":4,"column":0},"end":{"line":4,"column":34}},"4":{"start":{"line":5,"column":0},"end":{"line":5,"column":32}},"6":{"start":{"line":7,"column":0},"end":{"line":7,"column":19}},"7":{"start":{"line":8,"column":0},"end":{"line":8,"column":15}},"8":{"start":{"line":9,"column":0},"end":{"line":9,"column":2}},"10":{"start":{"line":11,"column":0},"end":{"line":11,"column":17}},"11":{"start":{"line":12,"column":0},"end":{"line":12,"column":14}},"12":{"start":{"line":13,"column":0},"end":{"line":13,"column":14}},"13":{"start":{"line":14,"column":0},"end":{"line":14,"column":16}},"14":{"start":{"line":15,"column":0},"end":{"line":15,"column":13}},"15":{"start":{"line":16,"column":0},"end":{"line":16,"column":2}}},"s":{"0":1,"1":1,"2":1,"3":1,"4":1,"6":1,"7":1,"8":1,"10":1,"11":1,"12":1,"13":1,"14":1,"15":1},"branchMap":{},"b":{},"fnMap":{},"f":{}}
,"/Users/tjnickerson/Documents/GitHub/TheOpenDictionary/opencc-js/data/preset/full.ts": {"path":"/Users/tjnickerson/Documents/GitHub/TheOpenDictionary/opencc-js/data/preset/full.ts","all":false,"statementMap":{"0":{"start":{"line":1,"column":0},"end":{"line":1,"column":36}},"1":{"start":{"line":2,"column":0},"end":{"line":2,"column":36}},"2":{"start":{"line":3,"column":0},"end":{"line":3,"column":36}},"3":{"start":{"line":4,"column":0},"end":{"line":4,"column":38}},"4":{"start":{"line":5,"column":0},"end":{"line":5,"column":36}},"5":{"start":{"line":6,"column":0},"end":{"line":6,"column":32}},"6":{"start":{"line":7,"column":0},"end":{"line":7,"column":32}},"7":{"start":{"line":8,"column":0},"end":{"line":8,"column":32}},"8":{"start":{"line":9,"column":0},"end":{"line":9,"column":34}},"9":{"start":{"line":10,"column":0},"end":{"line":10,"column":32}},"11":{"start":{"line":12,"column":0},"end":{"line":12,"column":19}},"12":{"start":{"line":13,"column":0},"end":{"line":13,"column":16}},"13":{"start":{"line":14,"column":0},"end":{"line":14,"column":16}},"14":{"start":{"line":15,"column":0},"end":{"line":15,"column":16}},"15":{"start":{"line":16,"column":0},"end":{"line":16,"column":18}},"16":{"start":{"line":17,"column":0},"end":{"line":17,"column":15}},"17":{"start":{"line":18,"column":0},"end":{"line":18,"column":2}},"19":{"start":{"line":20,"column":0},"end":{"line":20,"column":17}},"20":{"start":{"line":21,"column":0},"end":{"line":21,"column":14}},"21":{"start":{"line":22,"column":0},"end":{"line":22,"column":14}},"22":{"start":{"line":23,"column":0},"end":{"line":23,"column":14}},"23":{"start":{"line":24,"column":0},"end":{"line":24,"column":16}},"24":{"start":{"line":25,"column":0},"end":{"line":25,"column":13}},"25":{"start":{"line":26,"column":0},"end":{"line":26,"column":2}}},"s":{"0":1,"1":1,"2":1,"3":1,"4":1,"5":1,"6":1,"7":1,"8":1,"9":1,"11":1,"12":1,"13":1,"14":1,"15":1,"16":1,"17":1,"19":1,"20":1,"21":1,"22":1,"23":1,"24":1,"25":1},"branchMap":{},"b":{},"fnMap":{},"f":{}}
,"/Users/tjnickerson/Documents/GitHub/TheOpenDictionary/opencc-js/data/preset/t2cn.ts": {"path":"/Users/tjnickerson/Documents/GitHub/TheOpenDictionary/opencc-js/data/preset/t2cn.ts","all":false,"statementMap":{"0":{"start":{"line":1,"column":0},"end":{"line":1,"column":36}},"1":{"start":{"line":2,"column":0},"end":{"line":2,"column":36}},"2":{"start":{"line":3,"column":0},"end":{"line":3,"column":38}},"3":{"start":{"line":4,"column":0},"end":{"line":4,"column":36}},"4":{"start":{"line":5,"column":0},"end":{"line":5,"column":32}},"6":{"start":{"line":7,"column":0},"end":{"line":7,"column":19}},"7":{"start":{"line":8,"column":0},"end":{"line":8,"column":16}},"8":{"start":{"line":9,"column":0},"end":{"line":9,"column":16}},"9":{"start":{"line":10,"column":0},"end":{"line":10,"column":18}},"10":{"start":{"line":11,"column":0},"end":{"line":11,"column":15}},"11":{"start":{"line":12,"column":0},"end":{"line":12,"column":2}},"13":{"start":{"line":14,"column":0},"end":{"line":14,"column":17}},"14":{"start":{"line":15,"column":0},"end":{"line":15,"column":13}},"15":{"start":{"line":16,"column":0},"end":{"line":16,"column":2}}},"s":{"0":1,"1":1,"2":1,"3":1,"4":1,"6":1,"7":1,"8":1,"9":1,"10":1,"11":1,"13":1,"14":1,"15":1},"branchMap":{},"b":{},"fnMap":{},"f":{}}
,"/Users/tjnickerson/Documents/GitHub/TheOpenDictionary/opencc-js/data/to/cn.ts": {"path":"/Users/tjnickerson/Documents/GitHub/TheOpenDictionary/opencc-js/data/to/cn.ts","all":false,"statementMap":{"0":{"start":{"line":1,"column":0},"end":{"line":1,"column":51}},"1":{"start":{"line":2,"column":0},"end":{"line":2,"column":45}},"3":{"start":{"line":4,"column":0},"end":{"line":4,"column":41}}},"s":{"0":1,"1":1,"3":1},"branchMap":{},"b":{},"fnMap":{},"f":{}}
,"/Users/tjnickerson/Documents/GitHub/TheOpenDictionary/opencc-js/data/to/hk.ts": {"path":"/Users/tjnickerson/Documents/GitHub/TheOpenDictionary/opencc-js/data/to/hk.ts","all":false,"statementMap":{"0":{"start":{"line":1,"column":0},"end":{"line":1,"column":47}},"2":{"start":{"line":3,"column":0},"end":{"line":3,"column":28}}},"s":{"0":1,"2":1},"branchMap":{},"b":{},"fnMap":{},"f":{}}
,"/Users/tjnickerson/Documents/GitHub/TheOpenDictionary/opencc-js/data/to/index.ts": {"path":"/Users/tjnickerson/Documents/GitHub/TheOpenDictionary/opencc-js/data/to/index.ts","all":true,"statementMap":{"0":{"start":{"line":1,"column":0},"end":{"line":1,"column":25}},"1":{"start":{"line":2,"column":0},"end":{"line":2,"column":25}},"2":{"start":{"line":3,"column":0},"end":{"line":3,"column":27}},"3":{"start":{"line":4,"column":0},"end":{"line":4,"column":25}},"4":{"start":{"line":5,"column":0},"end":{"line":5,"column":25}},"5":{"start":{"line":6,"column":0},"end":{"line":6,"column":31}}},"s":{"0":0,"1":0,"2":0,"3":0,"4":0,"5":0},"branchMap":{"0":{"type":"branch","line":1,"loc":{"start":{"line":1,"column":203},"end":{"line":8,"column":38}},"locations":[{"start":{"line":1,"column":203},"end":{"line":8,"column":38}}]}},"b":{"0":[0]},"fnMap":{"0":{"name":"(empty-report)","decl":{"start":{"line":1,"column":203},"end":{"line":8,"column":38}},"loc":{"start":{"line":1,"column":203},"end":{"line":8,"column":38}},"line":1}},"f":{"0":0}}
,"/Users/tjnickerson/Documents/GitHub/TheOpenDictionary/opencc-js/data/to/jp.ts": {"path":"/Users/tjnickerson/Documents/GitHub/TheOpenDictionary/opencc-js/data/to/jp.ts","all":false,"statementMap":{"0":{"start":{"line":1,"column":0},"end":{"line":1,"column":47}},"2":{"start":{"line":3,"column":0},"end":{"line":3,"column":28}}},"s":{"0":1,"2":1},"branchMap":{},"b":{},"fnMap":{},"f":{}}
,"/Users/tjnickerson/Documents/GitHub/TheOpenDictionary/opencc-js/data/to/tw.ts": {"path":"/Users/tjnickerson/Documents/GitHub/TheOpenDictionary/opencc-js/data/to/tw.ts","all":false,"statementMap":{"0":{"start":{"line":1,"column":0},"end":{"line":1,"column":47}},"2":{"start":{"line":3,"column":0},"end":{"line":3,"column":28}}},"s":{"0":1,"2":1},"branchMap":{},"b":{},"fnMap":{},"f":{}}
,"/Users/tjnickerson/Documents/GitHub/TheOpenDictionary/opencc-js/data/to/twp.ts": {"path":"/Users/tjnickerson/Documents/GitHub/TheOpenDictionary/opencc-js/data/to/twp.ts","all":false,"statementMap":{"0":{"start":{"line":1,"column":0},"end":{"line":1,"column":47}},"1":{"start":{"line":2,"column":0},"end":{"line":2,"column":49}},"2":{"start":{"line":3,"column":0},"end":{"line":3,"column":53}},"3":{"start":{"line":4,"column":0},"end":{"line":4,"column":55}},"5":{"start":{"line":6,"column":0},"end":{"line":6,"column":72}}},"s":{"0":1,"1":1,"2":1,"3":1,"5":1},"branchMap":{},"b":{},"fnMap":{},"f":{}}
,"/Users/tjnickerson/Documents/GitHub/TheOpenDictionary/opencc-js/scripts/build-locales.ts": {"path":"/Users/tjnickerson/Documents/GitHub/TheOpenDictionary/opencc-js/scripts/build-locales.ts","all":true,"statementMap":{"0":{"start":{"line":1,"column":0},"end":{"line":1,"column":40}},"1":{"start":{"line":2,"column":0},"end":{"line":2,"column":64}},"2":{"start":{"line":3,"column":0},"end":{"line":3,"column":37}},"3":{"start":{"line":4,"column":0},"end":{"line":4,"column":40}},"4":{"start":{"line":5,"column":0},"end":{"line":5,"column":36}},"6":{"start":{"line":7,"column":0},"end":{"line":7,"column":52}},"14":{"start":{"line":15,"column":0},"end":{"line":15,"column":40}},"15":{"start":{"line":16,"column":0},"end":{"line":16,"column":3}},"16":{"start":{"line":17,"column":0},"end":{"line":17,"column":21}},"17":{"start":{"line":18,"column":0},"end":{"line":18,"column":41}},"18":{"start":{"line":19,"column":0},"end":{"line":19,"column":39}},"19":{"start":{"line":20,"column":0},"end":{"line":20,"column":4}},"20":{"start":{"line":21,"column":0},"end":{"line":21,"column":68}},"21":{"start":{"line":22,"column":0},"end":{"line":22,"column":68}},"22":{"start":{"line":23,"column":0},"end":{"line":23,"column":2}},"24":{"start":{"line":25,"column":0},"end":{"line":25,"column":51}},"25":{"start":{"line":26,"column":0},"end":{"line":26,"column":16}},"26":{"start":{"line":27,"column":0},"end":{"line":27,"column":27}},"27":{"start":{"line":28,"column":0},"end":{"line":28,"column":25}},"28":{"start":{"line":29,"column":0},"end":{"line":29,"column":23}},"29":{"start":{"line":30,"column":0},"end":{"line":30,"column":4}},"31":{"start":{"line":32,"column":0},"end":{"line":32,"column":36}},"32":{"start":{"line":33,"column":0},"end":{"line":33,"column":75}},"33":{"start":{"line":34,"column":0},"end":{"line":34,"column":41}},"35":{"start":{"line":36,"column":0},"end":{"line":36,"column":70}},"36":{"start":{"line":37,"column":0},"end":{"line":37,"column":41}},"37":{"start":{"line":38,"column":0},"end":{"line":38,"column":7}},"38":{"start":{"line":39,"column":0},"end":{"line":39,"column":5}},"40":{"start":{"line":41,"column":0},"end":{"line":41,"column":35}},"43":{"start":{"line":44,"column":0},"end":{"line":44,"column":32}},"47":{"start":{"line":48,"column":0},"end":{"line":48,"column":30}},"51":{"start":{"line":52,"column":0},"end":{"line":52,"column":1}},"53":{"start":{"line":54,"column":0},"end":{"line":54,"column":44}},"55":{"start":{"line":56,"column":0},"end":{"line":56,"column":26}},"56":{"start":{"line":57,"column":0},"end":{"line":57,"column":43}},"57":{"start":{"line":58,"column":0},"end":{"line":58,"column":1}},"59":{"start":{"line":60,"column":0},"end":{"line":60,"column":18}},"60":{"start":{"line":61,"column":0},"end":{"line":61,"column":25}},"61":{"start":{"line":62,"column":0},"end":{"line":62,"column":72}},"62":{"start":{"line":63,"column":0},"end":{"line":63,"column":4}},"63":{"start":{"line":64,"column":0},"end":{"line":64,"column":2}}},"s":{"0":0,"1":0,"2":0,"3":0,"4":0,"6":0,"14":0,"15":0,"16":0,"17":0,"18":0,"19":0,"20":0,"21":0,"22":0,"24":0,"25":0,"26":0,"27":0,"28":0,"29":0,"31":0,"32":0,"33":0,"35":0,"36":0,"37":0,"38":0,"40":0,"43":0,"47":0,"51":0,"53":0,"55":0,"56":0,"57":0,"59":0,"60":0,"61":0,"62":0,"63":0},"branchMap":{"0":{"type":"branch","line":1,"loc":{"start":{"line":1,"column":1532},"end":{"line":64,"column":2}},"locations":[{"start":{"line":1,"column":1532},"end":{"line":64,"column":2}}]}},"b":{"0":[0]},"fnMap":{"0":{"name":"(empty-report)","decl":{"start":{"line":1,"column":1532},"end":{"line":64,"column":2}},"loc":{"start":{"line":1,"column":1532},"end":{"line":64,"column":2}},"line":1}},"f":{"0":0}}
,"/Users/tjnickerson/Documents/GitHub/TheOpenDictionary/opencc-js/scripts/consts.ts": {"path":"/Users/tjnickerson/Documents/GitHub/TheOpenDictionary/opencc-js/scripts/consts.ts","all":true,"statementMap":{"0":{"start":{"line":1,"column":0},"end":{"line":1,"column":60}},"1":{"start":{"line":2,"column":0},"end":{"line":2,"column":36}},"2":{"start":{"line":3,"column":0},"end":{"line":3,"column":48}},"3":{"start":{"line":4,"column":0},"end":{"line":4,"column":48}},"4":{"start":{"line":5,"column":0},"end":{"line":5,"column":65}},"5":{"start":{"line":6,"column":0},"end":{"line":6,"column":71}},"6":{"start":{"line":7,"column":0},"end":{"line":7,"column":2}},"8":{"start":{"line":9,"column":0},"end":{"line":9,"column":60}},"9":{"start":{"line":10,"column":0},"end":{"line":10,"column":36}},"10":{"start":{"line":11,"column":0},"end":{"line":11,"column":21}},"11":{"start":{"line":12,"column":0},"end":{"line":12,"column":21}},"12":{"start":{"line":13,"column":0},"end":{"line":13,"column":72}},"13":{"start":{"line":14,"column":0},"end":{"line":14,"column":21}},"14":{"start":{"line":15,"column":0},"end":{"line":15,"column":2}}},"s":{"0":0,"1":0,"2":0,"3":0,"4":0,"5":0,"6":0,"8":0,"9":0,"10":0,"11":0,"12":0,"13":0,"14":0},"branchMap":{"0":{"type":"branch","line":1,"loc":{"start":{"line":1,"column":577},"end":{"line":15,"column":2}},"locations":[{"start":{"line":1,"column":577},"end":{"line":15,"column":2}}]}},"b":{"0":[0]},"fnMap":{"0":{"name":"(empty-report)","decl":{"start":{"line":1,"column":577},"end":{"line":15,"column":2}},"loc":{"start":{"line":1,"column":577},"end":{"line":15,"column":2}},"line":1}},"f":{"0":0}}
,"/Users/tjnickerson/Documents/GitHub/TheOpenDictionary/opencc-js/scripts/download-data.ts": {"path":"/Users/tjnickerson/Documents/GitHub/TheOpenDictionary/opencc-js/scripts/download-data.ts","all":true,"statementMap":{"0":{"start":{"line":1,"column":0},"end":{"line":1,"column":37}},"1":{"start":{"line":2,"column":0},"end":{"line":2,"column":61}},"2":{"start":{"line":3,"column":0},"end":{"line":3,"column":55}},"4":{"start":{"line":5,"column":0},"end":{"line":5,"column":37}},"5":{"start":{"line":6,"column":0},"end":{"line":6,"column":64}},"7":{"start":{"line":8,"column":0},"end":{"line":8,"column":51}},"9":{"start":{"line":10,"column":0},"end":{"line":10,"column":64}},"10":{"start":{"line":11,"column":0},"end":{"line":11,"column":31}},"11":{"start":{"line":12,"column":0},"end":{"line":12,"column":101}},"12":{"start":{"line":13,"column":0},"end":{"line":13,"column":3}},"13":{"start":{"line":14,"column":0},"end":{"line":14,"column":25}},"14":{"start":{"line":15,"column":0},"end":{"line":15,"column":36}},"15":{"start":{"line":16,"column":0},"end":{"line":16,"column":24}},"16":{"start":{"line":17,"column":0},"end":{"line":17,"column":83}},"17":{"start":{"line":18,"column":0},"end":{"line":18,"column":10}},"18":{"start":{"line":19,"column":0},"end":{"line":19,"column":7}},"20":{"start":{"line":21,"column":0},"end":{"line":21,"column":29}},"21":{"start":{"line":22,"column":0},"end":{"line":22,"column":6}},"22":{"start":{"line":23,"column":0},"end":{"line":23,"column":23}},"23":{"start":{"line":24,"column":0},"end":{"line":24,"column":62}},"24":{"start":{"line":25,"column":0},"end":{"line":25,"column":18}},"25":{"start":{"line":26,"column":0},"end":{"line":26,"column":7}},"27":{"start":{"line":28,"column":0},"end":{"line":28,"column":7}},"28":{"start":{"line":29,"column":0},"end":{"line":29,"column":30}},"29":{"start":{"line":30,"column":0},"end":{"line":30,"column":16}},"30":{"start":{"line":31,"column":0},"end":{"line":31,"column":18}},"31":{"start":{"line":32,"column":0},"end":{"line":32,"column":22}},"32":{"start":{"line":33,"column":0},"end":{"line":33,"column":41}},"33":{"start":{"line":34,"column":0},"end":{"line":34,"column":108}},"34":{"start":{"line":35,"column":0},"end":{"line":35,"column":22}},"35":{"start":{"line":36,"column":0},"end":{"line":36,"column":8}},"36":{"start":{"line":37,"column":0},"end":{"line":37,"column":117}},"38":{"start":{"line":39,"column":0},"end":{"line":39,"column":57}},"39":{"start":{"line":40,"column":0},"end":{"line":40,"column":19}},"40":{"start":{"line":41,"column":0},"end":{"line":41,"column":58}},"41":{"start":{"line":42,"column":0},"end":{"line":42,"column":16}},"42":{"start":{"line":43,"column":0},"end":{"line":43,"column":3}},"43":{"start":{"line":44,"column":0},"end":{"line":44,"column":1}},"45":{"start":{"line":46,"column":0},"end":{"line":46,"column":60}},"46":{"start":{"line":47,"column":0},"end":{"line":47,"column":40}},"47":{"start":{"line":48,"column":0},"end":{"line":48,"column":46}},"49":{"start":{"line":50,"column":0},"end":{"line":50,"column":41}},"51":{"start":{"line":52,"column":0},"end":{"line":52,"column":65}},"52":{"start":{"line":53,"column":0},"end":{"line":53,"column":42}},"53":{"start":{"line":54,"column":0},"end":{"line":54,"column":51}},"55":{"start":{"line":56,"column":0},"end":{"line":56,"column":33}},"56":{"start":{"line":57,"column":0},"end":{"line":57,"column":50}},"57":{"start":{"line":58,"column":0},"end":{"line":58,"column":5}},"59":{"start":{"line":60,"column":0},"end":{"line":60,"column":44}},"60":{"start":{"line":61,"column":0},"end":{"line":61,"column":3}},"62":{"start":{"line":63,"column":0},"end":{"line":63,"column":41}},"63":{"start":{"line":64,"column":0},"end":{"line":64,"column":1}},"65":{"start":{"line":66,"column":0},"end":{"line":66,"column":37}},"66":{"start":{"line":67,"column":0},"end":{"line":67,"column":21}},"67":{"start":{"line":68,"column":0},"end":{"line":68,"column":36}},"68":{"start":{"line":69,"column":0},"end":{"line":69,"column":3}},"69":{"start":{"line":70,"column":0},"end":{"line":70,"column":33}},"70":{"start":{"line":71,"column":0},"end":{"line":71,"column":65}},"71":{"start":{"line":72,"column":0},"end":{"line":72,"column":42}},"73":{"start":{"line":74,"column":0},"end":{"line":74,"column":33}},"74":{"start":{"line":75,"column":0},"end":{"line":75,"column":50}},"75":{"start":{"line":76,"column":0},"end":{"line":76,"column":5}},"77":{"start":{"line":78,"column":0},"end":{"line":78,"column":41}},"78":{"start":{"line":79,"column":0},"end":{"line":79,"column":47}},"79":{"start":{"line":80,"column":0},"end":{"line":80,"column":33}},"80":{"start":{"line":81,"column":0},"end":{"line":81,"column":67}},"81":{"start":{"line":82,"column":0},"end":{"line":82,"column":9}},"82":{"start":{"line":83,"column":0},"end":{"line":83,"column":6}},"84":{"start":{"line":85,"column":0},"end":{"line":85,"column":73}},"86":{"start":{"line":87,"column":0},"end":{"line":87,"column":55}},"87":{"start":{"line":88,"column":0},"end":{"line":88,"column":3}},"88":{"start":{"line":89,"column":0},"end":{"line":89,"column":1}},"90":{"start":{"line":91,"column":0},"end":{"line":91,"column":47}},"91":{"start":{"line":92,"column":0},"end":{"line":92,"column":61}},"92":{"start":{"line":93,"column":0},"end":{"line":93,"column":31}},"93":{"start":{"line":94,"column":0},"end":{"line":94,"column":31}},"95":{"start":{"line":96,"column":0},"end":{"line":96,"column":29}},"96":{"start":{"line":97,"column":0},"end":{"line":97,"column":8}},"97":{"start":{"line":98,"column":0},"end":{"line":98,"column":22}},"98":{"start":{"line":99,"column":0},"end":{"line":99,"column":37}},"99":{"start":{"line":100,"column":0},"end":{"line":100,"column":30}},"100":{"start":{"line":101,"column":0},"end":{"line":101,"column":7}},"101":{"start":{"line":102,"column":0},"end":{"line":102,"column":59}},"102":{"start":{"line":103,"column":0},"end":{"line":103,"column":60}},"103":{"start":{"line":104,"column":0},"end":{"line":104,"column":25}},"104":{"start":{"line":105,"column":0},"end":{"line":105,"column":5}},"105":{"start":{"line":106,"column":0},"end":{"line":106,"column":3}},"107":{"start":{"line":108,"column":0},"end":{"line":108,"column":80}},"109":{"start":{"line":110,"column":0},"end":{"line":110,"column":60}},"110":{"start":{"line":111,"column":0},"end":{"line":111,"column":1}},"112":{"start":{"line":113,"column":0},"end":{"line":113,"column":5}},"113":{"start":{"line":114,"column":0},"end":{"line":114,"column":21}},"114":{"start":{"line":115,"column":0},"end":{"line":115,"column":53}},"115":{"start":{"line":116,"column":0},"end":{"line":116,"column":51}},"116":{"start":{"line":117,"column":0},"end":{"line":117,"column":5}},"118":{"start":{"line":119,"column":0},"end":{"line":119,"column":21}},"119":{"start":{"line":120,"column":0},"end":{"line":120,"column":49}},"120":{"start":{"line":121,"column":0},"end":{"line":121,"column":47}},"121":{"start":{"line":122,"column":0},"end":{"line":122,"column":5}},"122":{"start":{"line":123,"column":0},"end":{"line":123,"column":13}},"123":{"start":{"line":124,"column":0},"end":{"line":124,"column":46}},"124":{"start":{"line":125,"column":0},"end":{"line":125,"column":18}},"125":{"start":{"line":126,"column":0},"end":{"line":126,"column":11}},"126":{"start":{"line":127,"column":0},"end":{"line":127,"column":18}},"127":{"start":{"line":128,"column":0},"end":{"line":128,"column":1}}},"s":{"0":0,"1":0,"2":0,"4":0,"5":0,"7":0,"9":0,"10":0,"11":0,"12":0,"13":0,"14":0,"15":0,"16":0,"17":0,"18":0,"20":0,"21":0,"22":0,"23":0,"24":0,"25":0,"27":0,"28":0,"29":0,"30":0,"31":0,"32":0,"33":0,"34":0,"35":0,"36":0,"38":0,"39":0,"40":0,"41":0,"42":0,"43":0,"45":0,"46":0,"47":0,"49":0,"51":0,"52":0,"53":0,"55":0,"56":0,"57":0,"59":0,"60":0,"62":0,"63":0,"65":0,"66":0,"67":0,"68":0,"69":0,"70":0,"71":0,"73":0,"74":0,"75":0,"77":0,"78":0,"79":0,"80":0,"81":0,"82":0,"84":0,"86":0,"87":0,"88":0,"90":0,"91":0,"92":0,"93":0,"95":0,"96":0,"97":0,"98":0,"99":0,"100":0,"101":0,"102":0,"103":0,"104":0,"105":0,"107":0,"109":0,"110":0,"112":0,"113":0,"114":0,"115":0,"116":0,"118":0,"119":0,"120":0,"121":0,"122":0,"123":0,"124":0,"125":0,"126":0,"127":0},"branchMap":{"0":{"type":"branch","line":1,"loc":{"start":{"line":1,"column":0},"end":{"line":128,"column":-374}},"locations":[{"start":{"line":1,"column":0},"end":{"line":128,"column":-374}}]}},"b":{"0":[0]},"fnMap":{"0":{"name":"(empty-report)","decl":{"start":{"line":1,"column":0},"end":{"line":128,"column":-374}},"loc":{"start":{"line":1,"column":0},"end":{"line":128,"column":-374}},"line":1}},"f":{"0":0}}
,"/Users/tjnickerson/Documents/GitHub/TheOpenDictionary/opencc-js/scripts/utils.ts": {"path":"/Users/tjnickerson/Documents/GitHub/TheOpenDictionary/opencc-js/scripts/utils.ts","all":true,"statementMap":{"0":{"start":{"line":1,"column":0},"end":{"line":1,"column":36}},"2":{"start":{"line":3,"column":0},"end":{"line":3,"column":58}},"3":{"start":{"line":4,"column":0},"end":{"line":4,"column":63}},"4":{"start":{"line":5,"column":0},"end":{"line":5,"column":1}}},"s":{"0":0,"2":0,"3":0,"4":0},"branchMap":{"0":{"type":"branch","line":1,"loc":{"start":{"line":1,"column":162},"end":{"line":5,"column":1}},"locations":[{"start":{"line":1,"column":162},"end":{"line":5,"column":1}}]}},"b":{"0":[0]},"fnMap":{"0":{"name":"(empty-report)","decl":{"start":{"line":1,"column":162},"end":{"line":5,"column":1}},"loc":{"start":{"line":1,"column":162},"end":{"line":5,"column":1}},"line":1}},"f":{"0":0}}
,"/Users/tjnickerson/Documents/GitHub/TheOpenDictionary/opencc-js/src/cn2t.ts": {"path":"/Users/tjnickerson/Documents/GitHub/TheOpenDictionary/opencc-js/src/cn2t.ts","all":false,"statementMap":{"0":{"start":{"line":1,"column":0},"end":{"line":1,"column":55}},"2":{"start":{"line":3,"column":0},"end":{"line":3,"column":49}},"4":{"start":{"line":5,"column":0},"end":{"line":5,"column":54}}},"s":{"0":1,"2":1,"4":1},"branchMap":{},"b":{},"fnMap":{},"f":{}}
,"/Users/tjnickerson/Documents/GitHub/TheOpenDictionary/opencc-js/src/converter.ts": {"path":"/Users/tjnickerson/Documents/GitHub/TheOpenDictionary/opencc-js/src/converter.ts","all":false,"statementMap":{"0":{"start":{"line":1,"column":0},"end":{"line":1,"column":30}},"6":{"start":{"line":7,"column":0},"end":{"line":7,"column":36}},"7":{"start":{"line":8,"column":0},"end":{"line":8,"column":66}},"8":{"start":{"line":9,"column":0},"end":{"line":9,"column":33}},"10":{"start":{"line":11,"column":0},"end":{"line":11,"column":39}},"12":{"start":{"line":13,"column":0},"end":{"line":13,"column":50}},"13":{"start":{"line":14,"column":0},"end":{"line":14,"column":47}},"14":{"start":{"line":15,"column":0},"end":{"line":15,"column":5}},"16":{"start":{"line":17,"column":0},"end":{"line":17,"column":44}},"17":{"start":{"line":18,"column":0},"end":{"line":18,"column":43}},"18":{"start":{"line":19,"column":0},"end":{"line":19,"column":5}},"20":{"start":{"line":21,"column":0},"end":{"line":21,"column":45}},"21":{"start":{"line":22,"column":0},"end":{"line":22,"column":27}},"22":{"start":{"line":23,"column":0},"end":{"line":23,"column":27}},"23":{"start":{"line":24,"column":0},"end":{"line":24,"column":15}},"24":{"start":{"line":25,"column":0},"end":{"line":25,"column":7}},"26":{"start":{"line":27,"column":0},"end":{"line":27,"column":33}},"27":{"start":{"line":28,"column":0},"end":{"line":28,"column":34}},"28":{"start":{"line":29,"column":0},"end":{"line":29,"column":30}},"29":{"start":{"line":30,"column":0},"end":{"line":30,"column":12}},"30":{"start":{"line":31,"column":0},"end":{"line":31,"column":4}}},"s":{"0":1,"6":1,"7":1,"8":5,"10":5,"12":5,"13":4,"14":4,"16":5,"17":5,"18":5,"20":5,"21":9,"22":9,"23":9,"24":5,"26":5,"27":7,"28":13,"29":7,"30":5},"branchMap":{"0":{"type":"branch","line":8,"loc":{"start":{"line":8,"column":2},"end":{"line":31,"column":4}},"locations":[{"start":{"line":8,"column":2},"end":{"line":31,"column":4}}]},"1":{"type":"branch","line":8,"loc":{"start":{"line":8,"column":34},"end":{"line":31,"column":4}},"locations":[{"start":{"line":8,"column":34},"end":{"line":31,"column":4}}]},"2":{"type":"branch","line":13,"loc":{"start":{"line":13,"column":17},"end":{"line":13,"column":49}},"locations":[{"start":{"line":13,"column":17},"end":{"line":13,"column":49}}]},"3":{"type":"branch","line":13,"loc":{"start":{"line":13,"column":49},"end":{"line":15,"column":5}},"locations":[{"start":{"line":13,"column":49},"end":{"line":15,"column":5}}]},"4":{"type":"branch","line":21,"loc":{"start":{"line":21,"column":35},"end":{"line":25,"column":5}},"locations":[{"start":{"line":21,"column":35},"end":{"line":25,"column":5}}]},"5":{"type":"branch","line":27,"loc":{"start":{"line":27,"column":11},"end":{"line":30,"column":12}},"locations":[{"start":{"line":27,"column":11},"end":{"line":30,"column":12}}]},"6":{"type":"branch","line":28,"loc":{"start":{"line":28,"column":21},"end":{"line":30,"column":9}},"locations":[{"start":{"line":28,"column":21},"end":{"line":30,"column":9}}]}},"b":{"0":[3],"1":[5],"2":[4],"3":[4],"4":[9],"5":[7],"6":[13]},"fnMap":{"0":{"name":"buildConverterFactory","decl":{"start":{"line":8,"column":2},"end":{"line":31,"column":4}},"loc":{"start":{"line":8,"column":2},"end":{"line":31,"column":4}},"line":8}},"f":{"0":3}}
,"/Users/tjnickerson/Documents/GitHub/TheOpenDictionary/opencc-js/src/data-config.ts": {"path":"/Users/tjnickerson/Documents/GitHub/TheOpenDictionary/opencc-js/src/data-config.ts","all":true,"statementMap":{"0":{"start":{"line":1,"column":0},"end":{"line":1,"column":60}},"1":{"start":{"line":2,"column":0},"end":{"line":2,"column":36}},"2":{"start":{"line":3,"column":0},"end":{"line":3,"column":48}},"3":{"start":{"line":4,"column":0},"end":{"line":4,"column":48}},"4":{"start":{"line":5,"column":0},"end":{"line":5,"column":65}},"5":{"start":{"line":6,"column":0},"end":{"line":6,"column":71}},"6":{"start":{"line":7,"column":0},"end":{"line":7,"column":2}},"8":{"start":{"line":9,"column":0},"end":{"line":9,"column":60}},"9":{"start":{"line":10,"column":0},"end":{"line":10,"column":36}},"10":{"start":{"line":11,"column":0},"end":{"line":11,"column":21}},"11":{"start":{"line":12,"column":0},"end":{"line":12,"column":21}},"12":{"start":{"line":13,"column":0},"end":{"line":13,"column":72}},"13":{"start":{"line":14,"column":0},"end":{"line":14,"column":21}},"14":{"start":{"line":15,"column":0},"end":{"line":15,"column":2}},"22":{"start":{"line":23,"column":0},"end":{"line":23,"column":40}},"23":{"start":{"line":24,"column":0},"end":{"line":24,"column":3}},"24":{"start":{"line":25,"column":0},"end":{"line":25,"column":21}},"25":{"start":{"line":26,"column":0},"end":{"line":26,"column":41}},"26":{"start":{"line":27,"column":0},"end":{"line":27,"column":38}},"27":{"start":{"line":28,"column":0},"end":{"line":28,"column":4}},"28":{"start":{"line":29,"column":0},"end":{"line":29,"column":3}},"29":{"start":{"line":30,"column":0},"end":{"line":30,"column":21}},"30":{"start":{"line":31,"column":0},"end":{"line":31,"column":17}},"31":{"start":{"line":32,"column":0},"end":{"line":32,"column":33}},"32":{"start":{"line":33,"column":0},"end":{"line":33,"column":4}},"33":{"start":{"line":34,"column":0},"end":{"line":34,"column":3}},"34":{"start":{"line":35,"column":0},"end":{"line":35,"column":21}},"35":{"start":{"line":36,"column":0},"end":{"line":36,"column":36}},"36":{"start":{"line":37,"column":0},"end":{"line":37,"column":14}},"37":{"start":{"line":38,"column":0},"end":{"line":38,"column":3}},"38":{"start":{"line":39,"column":0},"end":{"line":39,"column":2}}},"s":{"0":0,"1":0,"2":0,"3":0,"4":0,"5":0,"6":0,"8":0,"9":0,"10":0,"11":0,"12":0,"13":0,"14":0,"22":0,"23":0,"24":0,"25":0,"26":0,"27":0,"28":0,"29":0,"30":0,"31":0,"32":0,"33":0,"34":0,"35":0,"36":0,"37":0,"38":0},"branchMap":{"0":{"type":"branch","line":1,"loc":{"start":{"line":1,"column":981},"end":{"line":39,"column":2}},"locations":[{"start":{"line":1,"column":981},"end":{"line":39,"column":2}}]}},"b":{"0":[0]},"fnMap":{"0":{"name":"(empty-report)","decl":{"start":{"line":1,"column":981},"end":{"line":39,"column":2}},"loc":{"start":{"line":1,"column":981},"end":{"line":39,"column":2}},"line":1}},"f":{"0":0}}
,"/Users/tjnickerson/Documents/GitHub/TheOpenDictionary/opencc-js/src/full.ts": {"path":"/Users/tjnickerson/Documents/GitHub/TheOpenDictionary/opencc-js/src/full.ts","all":false,"statementMap":{"0":{"start":{"line":1,"column":0},"end":{"line":1,"column":55}},"2":{"start":{"line":3,"column":0},"end":{"line":3,"column":49}},"4":{"start":{"line":5,"column":0},"end":{"line":5,"column":54}}},"s":{"0":1,"2":1,"4":1},"branchMap":{},"b":{},"fnMap":{},"f":{}}
,"/Users/tjnickerson/Documents/GitHub/TheOpenDictionary/opencc-js/src/t2cn.ts": {"path":"/Users/tjnickerson/Documents/GitHub/TheOpenDictionary/opencc-js/src/t2cn.ts","all":false,"statementMap":{"0":{"start":{"line":1,"column":0},"end":{"line":1,"column":55}},"2":{"start":{"line":3,"column":0},"end":{"line":3,"column":49}},"4":{"start":{"line":5,"column":0},"end":{"line":5,"column":54}}},"s":{"0":1,"2":1,"4":1},"branchMap":{},"b":{},"fnMap":{},"f":{}}
,"/Users/tjnickerson/Documents/GitHub/TheOpenDictionary/opencc-js/src/trie.ts": {"path":"/Users/tjnickerson/Documents/GitHub/TheOpenDictionary/opencc-js/src/trie.ts","all":false,"statementMap":{"6":{"start":{"line":7,"column":0},"end":{"line":7,"column":19}},"7":{"start":{"line":8,"column":0},"end":{"line":8,"column":15}},"9":{"start":{"line":10,"column":0},"end":{"line":10,"column":17}},"10":{"start":{"line":11,"column":0},"end":{"line":11,"column":36}},"11":{"start":{"line":12,"column":0},"end":{"line":12,"column":3}},"18":{"start":{"line":19,"column":0},"end":{"line":19,"column":39}},"19":{"start":{"line":20,"column":0},"end":{"line":20,"column":23}},"20":{"start":{"line":21,"column":0},"end":{"line":21,"column":24}},"21":{"start":{"line":22,"column":0},"end":{"line":22,"column":44}},"22":{"start":{"line":23,"column":0},"end":{"line":23,"column":34}},"23":{"start":{"line":24,"column":0},"end":{"line":24,"column":28}},"24":{"start":{"line":25,"column":0},"end":{"line":25,"column":41}},"25":{"start":{"line":26,"column":0},"end":{"line":26,"column":25}},"26":{"start":{"line":27,"column":0},"end":{"line":27,"column":18}},"27":{"start":{"line":28,"column":0},"end":{"line":28,"column":14}},"28":{"start":{"line":29,"column":0},"end":{"line":29,"column":22}},"29":{"start":{"line":30,"column":0},"end":{"line":30,"column":7}},"30":{"start":{"line":31,"column":0},"end":{"line":31,"column":5}},"31":{"start":{"line":32,"column":0},"end":{"line":32,"column":21}},"32":{"start":{"line":33,"column":0},"end":{"line":33,"column":3}},"38":{"start":{"line":39,"column":0},"end":{"line":39,"column":48}},"39":{"start":{"line":40,"column":0},"end":{"line":40,"column":54}},"40":{"start":{"line":41,"column":0},"end":{"line":41,"column":31}},"41":{"start":{"line":42,"column":0},"end":{"line":42,"column":5}},"42":{"start":{"line":43,"column":0},"end":{"line":43,"column":3}},"48":{"start":{"line":49,"column":0},"end":{"line":49,"column":56}},"49":{"start":{"line":50,"column":0},"end":{"line":50,"column":29}},"50":{"start":{"line":51,"column":0},"end":{"line":51,"column":26}},"51":{"start":{"line":52,"column":0},"end":{"line":52,"column":7}},"52":{"start":{"line":53,"column":0},"end":{"line":53,"column":3}},"58":{"start":{"line":59,"column":0},"end":{"line":59,"column":30}},"59":{"start":{"line":60,"column":0},"end":{"line":60,"column":23}},"60":{"start":{"line":61,"column":0},"end":{"line":61,"column":23}},"61":{"start":{"line":62,"column":0},"end":{"line":62,"column":25}},"62":{"start":{"line":63,"column":0},"end":{"line":63,"column":37}},"63":{"start":{"line":64,"column":0},"end":{"line":64,"column":30}},"64":{"start":{"line":65,"column":0},"end":{"line":65,"column":30}},"65":{"start":{"line":66,"column":0},"end":{"line":66,"column":14}},"66":{"start":{"line":67,"column":0},"end":{"line":67,"column":30}},"67":{"start":{"line":68,"column":0},"end":{"line":68,"column":32}},"68":{"start":{"line":69,"column":0},"end":{"line":69,"column":45}},"69":{"start":{"line":70,"column":0},"end":{"line":70,"column":32}},"71":{"start":{"line":72,"column":0},"end":{"line":72,"column":37}},"72":{"start":{"line":73,"column":0},"end":{"line":73,"column":44}},"73":{"start":{"line":74,"column":0},"end":{"line":74,"column":16}},"74":{"start":{"line":75,"column":0},"end":{"line":75,"column":9}},"75":{"start":{"line":76,"column":0},"end":{"line":76,"column":24}},"77":{"start":{"line":78,"column":0},"end":{"line":78,"column":39}},"78":{"start":{"line":79,"column":0},"end":{"line":79,"column":44}},"79":{"start":{"line":80,"column":0},"end":{"line":80,"column":16}},"80":{"start":{"line":81,"column":0},"end":{"line":81,"column":21}},"81":{"start":{"line":82,"column":0},"end":{"line":82,"column":9}},"82":{"start":{"line":83,"column":0},"end":{"line":83,"column":7}},"83":{"start":{"line":84,"column":0},"end":{"line":84,"column":18}},"85":{"start":{"line":86,"column":0},"end":{"line":86,"column":30}},"86":{"start":{"line":87,"column":0},"end":{"line":87,"column":39}},"87":{"start":{"line":88,"column":0},"end":{"line":88,"column":24}},"88":{"start":{"line":89,"column":0},"end":{"line":89,"column":9}},"89":{"start":{"line":90,"column":0},"end":{"line":90,"column":30}},"90":{"start":{"line":91,"column":0},"end":{"line":91,"column":14}},"91":{"start":{"line":92,"column":0},"end":{"line":92,"column":14}},"93":{"start":{"line":94,"column":0},"end":{"line":94,"column":30}},"94":{"start":{"line":95,"column":0},"end":{"line":95,"column":21}},"95":{"start":{"line":96,"column":0},"end":{"line":96,"column":9}},"96":{"start":{"line":97,"column":0},"end":{"line":97,"column":59}},"97":{"start":{"line":98,"column":0},"end":{"line":98,"column":7}},"98":{"start":{"line":99,"column":0},"end":{"line":99,"column":5}},"99":{"start":{"line":100,"column":0},"end":{"line":100,"column":26}},"100":{"start":{"line":101,"column":0},"end":{"line":101,"column":35}},"101":{"start":{"line":102,"column":0},"end":{"line":102,"column":5}},"102":{"start":{"line":103,"column":0},"end":{"line":103,"column":24}},"103":{"start":{"line":104,"column":0},"end":{"line":104,"column":3}},"104":{"start":{"line":105,"column":0},"end":{"line":105,"column":1}}},"s":{"6":1,"7":12,"9":12,"10":12,"11":12,"18":12,"19":120065,"20":120065,"21":326791,"22":326791,"23":326791,"24":193878,"25":193878,"26":193878,"27":326791,"28":132913,"29":132913,"30":326791,"31":120065,"32":120065,"38":12,"39":20,"40":120061,"41":120061,"42":20,"48":12,"49":9,"50":19,"51":9,"52":9,"58":12,"59":22,"60":22,"61":22,"62":22,"63":22,"64":102,"65":102,"66":102,"67":102,"68":161,"69":161,"71":161,"72":161,"73":90,"74":90,"75":71,"77":71,"78":141,"79":41,"80":41,"81":41,"82":161,"83":102,"85":38,"86":19,"87":19,"88":19,"89":38,"90":38,"91":102,"93":64,"94":31,"95":31,"96":64,"97":64,"98":102,"99":22,"100":12,"101":12,"102":22,"103":22,"104":12},"branchMap":{"0":{"type":"branch","line":7,"loc":{"start":{"line":7,"column":18},"end":{"line":105,"column":1}},"locations":[{"start":{"line":7,"column":18},"end":{"line":105,"column":1}}]},"1":{"type":"branch","line":10,"loc":{"start":{"line":10,"column":2},"end":{"line":12,"column":3}},"locations":[{"start":{"line":10,"column":2},"end":{"line":12,"column":3}}]},"2":{"type":"branch","line":19,"loc":{"start":{"line":19,"column":2},"end":{"line":33,"column":3}},"locations":[{"start":{"line":19,"column":2},"end":{"line":33,"column":3}}]},"3":{"type":"branch","line":21,"loc":{"start":{"line":21,"column":23},"end":{"line":31,"column":5}},"locations":[{"start":{"line":21,"column":23},"end":{"line":31,"column":5}}]},"4":{"type":"branch","line":24,"loc":{"start":{"line":24,"column":27},"end":{"line":28,"column":13}},"locations":[{"start":{"line":24,"column":27},"end":{"line":28,"column":13}}]},"5":{"type":"branch","line":28,"loc":{"start":{"line":28,"column":6},"end":{"line":30,"column":7}},"locations":[{"start":{"line":28,"column":6},"end":{"line":30,"column":7}}]},"6":{"type":"branch","line":39,"loc":{"start":{"line":39,"column":2},"end":{"line":43,"column":3}},"locations":[{"start":{"line":39,"column":2},"end":{"line":43,"column":3}}]},"7":{"type":"branch","line":40,"loc":{"start":{"line":40,"column":53},"end":{"line":42,"column":5}},"locations":[{"start":{"line":40,"column":53},"end":{"line":42,"column":5}}]},"8":{"type":"branch","line":49,"loc":{"start":{"line":49,"column":2},"end":{"line":53,"column":3}},"locations":[{"start":{"line":49,"column":2},"end":{"line":53,"column":3}}]},"9":{"type":"branch","line":50,"loc":{"start":{"line":50,"column":18},"end":{"line":52,"column":5}},"locations":[{"start":{"line":50,"column":18},"end":{"line":52,"column":5}}]},"10":{"type":"branch","line":59,"loc":{"start":{"line":59,"column":2},"end":{"line":104,"column":3}},"locations":[{"start":{"line":59,"column":2},"end":{"line":104,"column":3}}]},"11":{"type":"branch","line":64,"loc":{"start":{"line":64,"column":29},"end":{"line":99,"column":5}},"locations":[{"start":{"line":64,"column":29},"end":{"line":99,"column":5}}]},"12":{"type":"branch","line":68,"loc":{"start":{"line":68,"column":31},"end":{"line":83,"column":7}},"locations":[{"start":{"line":68,"column":31},"end":{"line":83,"column":7}}]},"13":{"type":"branch","line":70,"loc":{"start":{"line":70,"column":17},"end":{"line":70,"column":30}},"locations":[{"start":{"line":70,"column":17},"end":{"line":70,"column":30}}]},"14":{"type":"branch","line":70,"loc":{"start":{"line":70,"column":26},"end":{"line":70,"column":32}},"locations":[{"start":{"line":70,"column":26},"end":{"line":70,"column":32}}]},"15":{"type":"branch","line":73,"loc":{"start":{"line":73,"column":43},"end":{"line":75,"column":9}},"locations":[{"start":{"line":73,"column":43},"end":{"line":75,"column":9}}]},"16":{"type":"branch","line":75,"loc":{"start":{"line":75,"column":8},"end":{"line":82,"column":9}},"locations":[{"start":{"line":75,"column":8},"end":{"line":82,"column":9}}]},"17":{"type":"branch","line":75,"loc":{"start":{"line":75,"column":8},"end":{"line":79,"column":43}},"locations":[{"start":{"line":75,"column":8},"end":{"line":79,"column":43}}]},"18":{"type":"branch","line":79,"loc":{"start":{"line":79,"column":43},"end":{"line":82,"column":9}},"locations":[{"start":{"line":79,"column":43},"end":{"line":82,"column":9}}]},"19":{"type":"branch","line":84,"loc":{"start":{"line":84,"column":17},"end":{"line":92,"column":13}},"locations":[{"start":{"line":84,"column":17},"end":{"line":92,"column":13}}]},"20":{"type":"branch","line":86,"loc":{"start":{"line":86,"column":29},"end":{"line":89,"column":9}},"locations":[{"start":{"line":86,"column":29},"end":{"line":89,"column":9}}]},"21":{"type":"branch","line":92,"loc":{"start":{"line":92,"column":6},"end":{"line":98,"column":7}},"locations":[{"start":{"line":92,"column":6},"end":{"line":98,"column":7}}]},"22":{"type":"branch","line":94,"loc":{"start":{"line":94,"column":29},"end":{"line":96,"column":9}},"locations":[{"start":{"line":94,"column":29},"end":{"line":96,"column":9}}]},"23":{"type":"branch","line":97,"loc":{"start":{"line":97,"column":44},"end":{"line":97,"column":57}},"locations":[{"start":{"line":97,"column":44},"end":{"line":97,"column":57}}]},"24":{"type":"branch","line":97,"loc":{"start":{"line":97,"column":53},"end":{"line":97,"column":59}},"locations":[{"start":{"line":97,"column":53},"end":{"line":97,"column":59}}]},"25":{"type":"branch","line":100,"loc":{"start":{"line":100,"column":25},"end":{"line":102,"column":5}},"locations":[{"start":{"line":100,"column":25},"end":{"line":102,"column":5}}]}},"b":{"0":[12],"1":[12],"2":[120065],"3":[326791],"4":[193878],"5":[132913],"6":[20],"7":[120061],"8":[9],"9":[19],"10":[22],"11":[102],"12":[161],"13":[10],"14":[151],"15":[90],"16":[141],"17":[71],"18":[41],"19":[38],"20":[19],"21":[64],"22":[31],"23":[4],"24":[60],"25":[12]},"fnMap":{"0":{"name":"<instance_members_initializer>","decl":{"start":{"line":7,"column":18},"end":{"line":105,"column":1}},"loc":{"start":{"line":7,"column":18},"end":{"line":105,"column":1}},"line":7},"1":{"name":"Trie","decl":{"start":{"line":10,"column":2},"end":{"line":12,"column":3}},"loc":{"start":{"line":10,"column":2},"end":{"line":12,"column":3}},"line":10},"2":{"name":"addWord","decl":{"start":{"line":19,"column":2},"end":{"line":33,"column":3}},"loc":{"start":{"line":19,"column":2},"end":{"line":33,"column":3}},"line":19},"3":{"name":"loadDict","decl":{"start":{"line":39,"column":2},"end":{"line":43,"column":3}},"loc":{"start":{"line":39,"column":2},"end":{"line":43,"column":3}},"line":39},"4":{"name":"loadDictGroup","decl":{"start":{"line":49,"column":2},"end":{"line":53,"column":3}},"loc":{"start":{"line":49,"column":2},"end":{"line":53,"column":3}},"line":49},"5":{"name":"convert","decl":{"start":{"line":59,"column":2},"end":{"line":104,"column":3}},"loc":{"start":{"line":59,"column":2},"end":{"line":104,"column":3}},"line":59}},"f":{"0":12,"1":12,"2":120065,"3":20,"4":9,"5":22}}
,"/Users/tjnickerson/Documents/GitHub/TheOpenDictionary/opencc-js/src/types.ts": {"path":"/Users/tjnickerson/Documents/GitHub/TheOpenDictionary/opencc-js/src/types.ts","all":true,"statementMap":{},"s":{},"branchMap":{"0":{"type":"branch","line":1,"loc":{"start":{"line":1,"column":308},"end":{"line":20,"column":1}},"locations":[{"start":{"line":1,"column":308},"end":{"line":20,"column":1}}]}},"b":{"0":[1]},"fnMap":{"0":{"name":"(empty-report)","decl":{"start":{"line":1,"column":308},"end":{"line":20,"column":1}},"loc":{"start":{"line":1,"column":308},"end":{"line":20,"column":1}},"line":1}},"f":{"0":1}}
}
